<?xml version="1.0" encoding="UTF-8"?>
<!-- Generated by org.testng.reporters.JUnitReportReporter -->
<testsuite skipped="0" hostname="Abhresh" name="MavenTest.NewTours" tests="3" failures="0" timestamp="18 Sep 2018 03:26:05 GMT" time="38.278" errors="0">
  <testcase name="Logout" time="9.171" classname="MavenTest.NewTours"/>
  <testcase name="openApp" time="11.414" classname="MavenTest.NewTours"/>
  <testcase name="Login" time="17.693" classname="MavenTest.NewTours"/>
</testsuite> <!-- MavenTest.NewTours -->
