<?xml version="1.0" encoding="UTF-8"?>
<!-- Generated by org.testng.reporters.JUnitReportReporter -->
<testsuite skipped="0" hostname="Abhresh" name="module6.Scenario2" tests="3" failures="0" timestamp="11 Sep 2018 03:31:21 GMT" time="28.885" errors="0">
  <testcase name="Login" time="10.772" classname="module6.Scenario2"/>
  <testcase name="Logout" time="8.749" classname="module6.Scenario2"/>
  <testcase name="openApp" time="9.364" classname="module6.Scenario2"/>
</testsuite> <!-- module6.Scenario2 -->
