<?xml version="1.0" encoding="UTF-8"?>
<!-- Generated by org.testng.reporters.JUnitReportReporter -->
<testsuite skipped="0" hostname="Abhresh" name="module6.Grouping" tests="7" failures="0" timestamp="11 Sep 2018 02:05:34 GMT" time="0.072" errors="0">
  <testcase name="TC1" time="0.028" classname="module6.Grouping"/>
  <testcase name="TC7" time="0.009" classname="module6.Grouping"/>
  <testcase name="TC3" time="0.008" classname="module6.Grouping"/>
  <testcase name="TC6" time="0.006" classname="module6.Grouping"/>
  <testcase name="TC9" time="0.006" classname="module6.Grouping"/>
  <testcase name="TC2" time="0.009" classname="module6.Grouping"/>
  <testcase name="TC4" time="0.006" classname="module6.Grouping"/>
</testsuite> <!-- module6.Grouping -->
