<?xml version="1.0" encoding="UTF-8"?>
<!-- Generated by org.testng.reporters.JUnitReportReporter -->
<testsuite skipped="0" hostname="Abhresh" name="module6.Annotations" tests="2" failures="0" timestamp="12 Sep 2018 02:32:16 GMT" time="0.024" errors="0">
  <testcase name="Test2" time="0.004" classname="module6.Annotations"/>
  <testcase name="Test1" time="0.020" classname="module6.Annotations"/>
</testsuite> <!-- module6.Annotations -->
