<?xml version="1.0" encoding="UTF-8"?>
<!-- Generated by org.testng.reporters.JUnitReportReporter -->
<testsuite skipped="0" hostname="Abhresh" name="module6.Scenario3" tests="2" failures="0" timestamp="11 Sep 2018 03:05:37 GMT" time="25.990" errors="0">
  <testcase name="login_TestCase" time="12.866" classname="module6.Scenario3"/>
  <testcase name="login_TestCase" time="13.124" classname="module6.Scenario3"/>
</testsuite> <!-- module6.Scenario3 -->
