<?xml version="1.0" encoding="UTF-8"?>
<!-- Generated by org.testng.reporters.JUnitReportReporter -->
<testsuite skipped="0" hostname="Abhresh" name="module6.Scenario1" tests="1" failures="0" timestamp="10 Sep 2018 03:28:31 GMT" time="10.166" errors="0">
  <testcase name="Login" time="10.166" classname="module6.Scenario1"/>
</testsuite> <!-- module6.Scenario1 -->
